0 info it worked if it ends with ok
1 verbose cli [ '/usr/local/bin/node', '/usr/local/bin/npm', 'start' ]
2 info using npm@1.4.28
3 info using node@v0.10.35
4 verbose run-script [ 'prestart', 'start', 'poststart' ]
5 info prestart i-am-the-fold@0.0.1
6 verbose unsafe-perm in lifecycle true
7 info start i-am-the-fold@0.0.1
8 verbose unsafe-perm in lifecycle true
9 info i-am-the-fold@0.0.1 Failed to exec start script
10 error i-am-the-fold@0.0.1 start: `iojs index.js`
10 error Exit status 1
11 error Failed at the i-am-the-fold@0.0.1 start script.
11 error This is most likely a problem with the i-am-the-fold package,
11 error not with npm itself.
11 error Tell the author that this fails on your system:
11 error     iojs index.js
11 error You can get their info via:
11 error     npm owner ls i-am-the-fold
11 error There is likely additional logging output above.
12 error System Darwin 14.3.0
13 error command "/usr/local/bin/node" "/usr/local/bin/npm" "start"
14 error cwd /Users/iest/Code/i-am-the-fold
15 error node -v v0.10.35
16 error npm -v 1.4.28
17 error code ELIFECYCLE
18 verbose exit [ 1, true ]
